C:\Program Files (x86)\MSBuild\Microsoft.Cpp\v4.0\V140\Microsoft.CppBuild.targets(392,5): warning MSB8028: The intermediate directory (x64\Debug\) contains files shared from another project (ООП2.vcxproj, ООП4.vcxproj).  This can lead to incorrect clean and rebuild behavior.
  DiagArr_In.cpp
  Создание кода...
  Пропуск... (изменения не обнаружены)
  ООП4.cpp
  TriagArr_UnitTest_Out.cpp
  TriagArr_UnitTest_In.cpp
  TriagArr_Out.cpp
  TriagArr_In.cpp
  stdafx.cpp
  Shape.cpp
  QuadArr_UnitTest_Out.cpp
  QuadArr_UnitTest_In.cpp
  QuadArr_Out.cpp
  QuadArr_In.cpp
  DiagArr_UnitTest_Out.cpp
  DiagArr_UnitTest_In.cpp
  DiagArr_Out.cpp
  Container_Out.cpp
  Container_In.cpp
  Container_Clear.cpp
  ООП1.vcxproj -> C:\Users\user\Desktop\ООП4\x64\Debug\ООП.exe
  ООП1.vcxproj -> C:\Users\user\Desktop\ООП4\x64\Debug\ООП.pdb (Partial PDB)
